


ARM Macro Assembler    Page 1 


    1 00000000 00000000 
                       Stack_size
                               EQU              0x00000000  ; –†–∞–∑–º–µ—Ä —Å—Ç
                                                            –µ–∫–∞
    2 00000000         
    3 00000000                 AREA             STACK, NOINIT, READWRITE, ALIGN
=3 
                                                            ; –û–±–ª–∞—Å—Ç—å —Å
                                                            —Ç–µ–∫–∞
    4 00000000         Stack_Mem
                               SPACE            Stack_size  ; –≤—ã–¥–µ–ª–µ–Ω–∏–
                                                            µ –ø–∞–º—è—Ç–∏ –ø–æ
                                                            –¥ —Å—Ç–µ–∫
    5 00000000         __initial_sp                         ; –≤–µ—Ä—Ö—É—à–∫–∞ 
                                                            —Å—Ç–µ–∫–∞
    6 00000000         
    7 00000000         
    8 00000000                 PRESERVE8                    ; –≤–æ—Å—å–º–∏–±–∞–
                                                            π—Ç–æ–≤–æ–µ –≤—ã—Ä–
                                                            ∞–≤–Ω–∏–≤–∞–Ω–∏–µ —
                                                            Å—Ç–µ–∫–∞
    9 00000000                 THUMB                        ; –ü–æ–¥–¥–µ—Ä–∂–∫–
                                                            ∞ –∏–Ω—Å—Ç—Ä—É–∫—Ü–
                                                            ∏–π Thumb 
   10 00000000         
   11 00000000                 EXPORT           __initial_sp ; —ç–∫—Å–ø–æ—Ä—Ç–∏
                                                            —Ä—É–µ–º –∞–¥—Ä–µ—Å
                                                             —Å—Ç–µ–∫–∞
   12 00000000         
   13 00000000                 AREA             RESET, DATA, READONLY ; –û–±—ä—
                                                            è–≤–ª–µ–Ω–∏–µ —Å–µ–
                                                            ≥–º–µ–Ω—Ç–∞ –∫–æ–¥–
                                                            ∞ 
   14 00000000         ; –¥–ª—è —Å—Ç–∞—Ä—Ç–∞, –æ–±–ª–∞—Å—Ç—å –≤–µ–∫—Ç–æ—Ä–æ–≤
   15 00000000 00000000 
                       __Vectors
                               DCD              __initial_sp ; –ü–µ—Ä–≤–æ–µ —Å–
                                                            ª–æ–≤–æ –∫–æ–¥–∞ —Å
                                                            –æ–¥–µ—Ä–∂–∏—Ç –∞–¥
                                                            —Ä–µ—Å —Å—Ç–µ–∫–∞
   16 00000004 00000000        DCD              Reset_Entry ; –í–µ–∫—Ç–æ—Ä —Å–±
                                                            —Ä–æ—Å–∞
   17 00000008                 AREA             |.text|, CODE, READONLY ; –û–±—
                                                            ä—è–≤–ª–µ–Ω–∏–µ –æ–
                                                            ±–ª–∞—Å—Ç–∏ .text
   18 00000000         
   19 00000000                 EXPORT           __Vectors   ; —ç–∫—Å–ø–æ—Ä—Ç–∏—
                                                            Ä—É–µ–º –∞–¥—Ä–µ—Å 
                                                            –≤–µ–∫—Ç–æ—Ä–æ–≤
   20 00000000         
   21 00000000                 ENTRY                        ; –û–ø–∏—Å–∞–Ω–∏–µ 
                                                            —Ç–æ—á–∫–∏ –≤—Ö–æ–¥
                                                            –∞ 
   22 00000000         
   23 00000000         Reset_Entry
                               PROC                         ; –û–ø–∏—Å–∞–Ω–∏–µ 
                                                            –ø—Ä–æ—Ü–µ–¥—É—Ä—ã 
                                                            –≤—Ö–æ–¥–∞
   24 00000000                 EXPORT           Reset_Entry [WEAK] ; –≠–∫—Å–ø–æ



ARM Macro Assembler    Page 2 


                                                            —Ä—Ç–∏—Ä—É–µ–º –∫–æ
                                                            –º–ø–æ–Ω–æ–≤—â–∏–∫—
                                                            É —Å–ª–∞–±—ã–π 
   25 00000000         ; —Å–∏–º–≤–æ–ª, —Ç.–µ. –±–µ–∑ –ø—Ä–∏–æ—Ä–∏—Ç–µ—Ç–∞ –∏–º–
                       µ–Ω–∏ 
   26 00000000         ; –¥–ª—è –∫–æ–º–ø–æ–Ω–æ–≤—â–∏–∫–∞ (–º–æ–∂–µ—Ç –±—ã—Ç—å –
                       ∑–∞–º–µ–Ω–µ–Ω).
   27 00000000         ; –∑–∞–∫–æ–º–º–µ–Ω—Ç–∏—Ä–æ–≤–∞–Ω–æ –¥–ª—è –±—É–¥—É—â–∏—Ö
                        –ø—Ä–∏–º–µ–Ω–µ–Ω–∏–π
   28 00000000         ;  IMPORT  SystemInit  ; –ò–º–ø–æ—Ä—Ç–∏—Ä—É–µ–º –≤–Ω–µ—à
                       –Ω—É—é —Å—Å—ã–ª–∫—É —Ñ—É–Ω–∫—Ü–∏–∏ –∏–Ω–∏—Ü–∏–∞–ª–∏–∑–∞—
                       Ü–∏–∏           
   29 00000000                 IMPORT           __main      ; –ò–º–ø–æ—Ä—Ç–∏—Ä—
                                                            É–µ–º –≤–Ω–µ—à–Ω—É—
                                                            é —Å—Å—ã–ª–∫—É –æ—Å
                                                            –Ω–æ–≤–Ω–æ–π —Ñ—É–Ω
                                                            –∫—Ü–∏–∏
   30 00000000         ; –∑–∞–∫–æ–º–º–µ–Ω—Ç–∏—Ä–æ–≤–∞–Ω–æ –¥–ª—è –±—É–¥—É—â–∏—Ö
                        –ø—Ä–∏–º–µ–Ω–µ–Ω–∏–π
   31 00000000         ;    LDR     R0, =SystemInit ; –ó–∞–Ω–æ—Å–∏–º –∞–¥—Ä–µ—Å
                        —Ñ—É–Ω–∫—Ü–∏–∏ –∏–Ω–∏—Ü–∏–∞–ª–∏–∑–∞—Ü–∏–∏ –≤ R0
   32 00000000         ;            BLX     R0    ; –ü–µ—Ä–µ—Ö–æ–¥ –Ω–∞ —Ñ—É–Ω–
                       ∫—Ü–∏—é –∏–Ω–∏–Ω—Ü–∏–∞–ª–∏–∑–∞—Ü–∏–∏ —Å –≤–æ–∑–≤—Ä–∞—Ç–æ
                       –º
   33 00000000 4800            LDR              R0, =__main ; –ó–∞–Ω–æ—Å–∏–º –∞
                                                            –¥—Ä–µ—Å –æ—Å–Ω–æ–≤
                                                            –Ω–æ–π —Ñ—É–Ω–∫—Ü–∏
                                                            –∏
   34 00000002 4700            BX               R0          ; –í—ã–ø–æ–ª–Ω—è–µ–
                                                            º –æ—Å–Ω–æ–≤–Ω—É—é 
                                                            —Ñ—É–Ω–∫—Ü–∏—é
   35 00000004                 ENDP                         ; –ö–æ–Ω–µ—Ü —Å—Ç–∞
                                                            —Ä—Ç–æ–≤–æ–π —Ñ—É–Ω
                                                            –∫—Ü–∏–∏
   36 00000004         
   37 00000004                 ALIGN                        ; –í—ã—Ä–∞–≤–Ω–∏–≤–
                                                            ∞–Ω–∏–µ –∫–æ–¥–∞
   38 00000004         
   39 00000004                 END                          ; –∫–æ–Ω–µ—Ü —Ñ–∞–π
                                                            –ª–∞.
              00000000 
Command Line: --debug --xref --diag_suppress=9931 --cpu=Cortex-M3 --depend=.\ob
jects\startup.d -o.\objects\startup.o -IC:\Users\ayty-\Documents\keil\Keil\STM3
2F1xx_DFP\2.3.0\Device\Include -IE:\Program\ARM\CMSIS\Include --predefine="__EV
AL SETA 1" --predefine="__UVISION_VERSION SETA 531" --predefine="STM32F10X_MD S
ETA 1" --list=.\listings\startup.lst startup.s



ARM Macro Assembler    Page 1 Alphabetic symbol ordering
Relocatable symbols

STACK 00000000

Symbol: STACK
   Definitions
      At line 3 in file startup.s
   Uses
      None
Comment: STACK unused
Stack_Mem 00000000

Symbol: Stack_Mem
   Definitions
      At line 4 in file startup.s
   Uses
      None
Comment: Stack_Mem unused
__initial_sp 00000000

Symbol: __initial_sp
   Definitions
      At line 5 in file startup.s
   Uses
      At line 11 in file startup.s
      At line 15 in file startup.s

3 symbols



ARM Macro Assembler    Page 1 Alphabetic symbol ordering
Relocatable symbols

RESET 00000000

Symbol: RESET
   Definitions
      At line 13 in file startup.s
   Uses
      None
Comment: RESET unused
__Vectors 00000000

Symbol: __Vectors
   Definitions
      At line 15 in file startup.s
   Uses
      At line 19 in file startup.s
Comment: __Vectors used once
2 symbols



ARM Macro Assembler    Page 1 Alphabetic symbol ordering
Relocatable symbols

.text 00000000

Symbol: .text
   Definitions
      At line 17 in file startup.s
   Uses
      None
Comment: .text unused
Reset_Entry 00000000

Symbol: Reset_Entry
   Definitions
      At line 23 in file startup.s
   Uses
      At line 16 in file startup.s
      At line 24 in file startup.s

2 symbols



ARM Macro Assembler    Page 1 Alphabetic symbol ordering
Absolute symbols

Stack_size 00000000

Symbol: Stack_size
   Definitions
      At line 1 in file startup.s
   Uses
      At line 4 in file startup.s
Comment: Stack_size used once
1 symbol



ARM Macro Assembler    Page 1 Alphabetic symbol ordering
External symbols

__main 00000000

Symbol: __main
   Definitions
      At line 29 in file startup.s
   Uses
      At line 33 in file startup.s
Comment: __main used once
1 symbol
344 symbols in table
